[debug] [2025-12-17T07:23:42.938Z] ----------------------------------------------------------------------
[debug] [2025-12-17T07:23:42.951Z] Command:       C:\Program Files\nodejs\node.exe C:\Users\footb\AppData\Roaming\npm\node_modules\firebase-tools\lib\bin\firebase.js deploy --only firestore:rules
[debug] [2025-12-17T07:23:42.951Z] CLI Version:   14.26.0
[debug] [2025-12-17T07:23:42.951Z] Platform:      win32
[debug] [2025-12-17T07:23:42.951Z] Node Version:  v20.14.0
[debug] [2025-12-17T07:23:42.951Z] Time:          Wed Dec 17 2025 16:23:42 GMT+0900 (日本標準時)
[debug] [2025-12-17T07:23:42.951Z] ----------------------------------------------------------------------
[debug] 
[debug] [2025-12-17T07:23:42.954Z] >>> [apiv2][query] GET https://firebase-public.firebaseio.com/cli.json [none]
[error] 
[error] Error: Not in a Firebase app directory (could not locate firebase.json)
[debug] [2025-12-17T07:23:43.411Z] Error: EBUSY: resource busy or locked, unlink 'C:\Users\footb\hpsakusei\firebase-debug.log'
    at Object.unlinkSync (node:fs:1877:11)
    at process.<anonymous> (C:\Users\footb\AppData\Roaming\npm\node_modules\firebase-tools\lib\bin\cli.js:44:16)
    at process.emit (node:events:531:35)
    at process.exit (node:internal/process/per_thread:185:15)
    at Timeout._onTimeout (C:\Users\footb\AppData\Roaming\npm\node_modules\firebase-tools\lib\errorOut.js:20:17)
    at listOnTimeout (node:internal/timers:573:17)
    at process.processTimers (node:internal/timers:514:7)
[error] 
[error] Error: An unexpected error has occurred.
